c:\users\shawn\desktop\视频gis\cameracalibration\cameracalibration\x64\debug\cameracalibration.pch
c:\users\shawn\desktop\视频gis\cameracalibration\cameracalibration\x64\debug\vc120.pdb
c:\users\shawn\desktop\视频gis\cameracalibration\cameracalibration\x64\debug\vc120.idb
c:\users\shawn\desktop\视频gis\cameracalibration\cameracalibration\x64\debug\stdafx.obj
c:\users\shawn\desktop\视频gis\cameracalibration\cameracalibration\x64\debug\cameracalibration.obj
c:\users\shawn\desktop\视频gis\cameracalibration\cameracalibration\x64\debug\cameracalibrationdlg.obj
c:\users\shawn\desktop\视频gis\cameracalibration\cameracalibration\x64\debug\checkerboardcalibrationdlg.obj
c:\users\shawn\desktop\视频gis\cameracalibration\cameracalibration\x64\debug\dltcalibrationdlg.obj
c:\users\shawn\desktop\视频gis\cameracalibration\cameracalibration\x64\debug\dlt.obj
c:\users\shawn\desktop\视频gis\cameracalibration\cameracalibration\x64\debug\dlt3.obj
c:\users\shawn\desktop\视频gis\cameracalibration\cameracalibration\x64\debug\dlt2.obj
c:\users\shawn\desktop\视频gis\cameracalibration\x64\debug\cameracalibration.ilk
c:\users\shawn\desktop\视频gis\cameracalibration\x64\debug\cameracalibration.exe
c:\users\shawn\desktop\视频gis\cameracalibration\x64\debug\cameracalibration.pdb
c:\users\shawn\desktop\视频gis\cameracalibration\cameracalibration\x64\debug\cameracalibration.res
c:\users\shawn\desktop\视频gis\cameracalibration\cameracalibration\x64\debug\cameraca.b1eb4b30.tlog\cl.command.1.tlog
c:\users\shawn\desktop\视频gis\cameracalibration\cameracalibration\x64\debug\cameraca.b1eb4b30.tlog\cl.read.1.tlog
c:\users\shawn\desktop\视频gis\cameracalibration\cameracalibration\x64\debug\cameraca.b1eb4b30.tlog\cl.write.1.tlog
c:\users\shawn\desktop\视频gis\cameracalibration\cameracalibration\x64\debug\cameraca.b1eb4b30.tlog\link.command.1.tlog
c:\users\shawn\desktop\视频gis\cameracalibration\cameracalibration\x64\debug\cameraca.b1eb4b30.tlog\link.read.1.tlog
c:\users\shawn\desktop\视频gis\cameracalibration\cameracalibration\x64\debug\cameraca.b1eb4b30.tlog\link.write.1.tlog
c:\users\shawn\desktop\视频gis\cameracalibration\cameracalibration\x64\debug\cameraca.b1eb4b30.tlog\rc.command.1.tlog
c:\users\shawn\desktop\视频gis\cameracalibration\cameracalibration\x64\debug\cameraca.b1eb4b30.tlog\rc.read.1.tlog
c:\users\shawn\desktop\视频gis\cameracalibration\cameracalibration\x64\debug\cameraca.b1eb4b30.tlog\rc.write.1.tlog
