f:\桌面文件\视频gis\cameracalibration\cameracalibration\debug\cameracalibration.pch
f:\桌面文件\视频gis\cameracalibration\cameracalibration\debug\vc120.pdb
f:\桌面文件\视频gis\cameracalibration\cameracalibration\debug\vc120.idb
f:\桌面文件\视频gis\cameracalibration\cameracalibration\debug\stdafx.obj
f:\桌面文件\视频gis\cameracalibration\cameracalibration\debug\cameracalibration.obj
f:\桌面文件\视频gis\cameracalibration\cameracalibration\debug\cameracalibrationdlg.obj
f:\桌面文件\视频gis\cameracalibration\cameracalibration\debug\checkerboardcalibrationdlg.obj
f:\桌面文件\视频gis\cameracalibration\cameracalibration\debug\dltcalibrationdlg.obj
f:\桌面文件\视频gis\cameracalibration\cameracalibration\debug\dlt.obj
f:\桌面文件\视频gis\cameracalibration\cameracalibration\debug\dlt3.obj
f:\桌面文件\视频gis\cameracalibration\cameracalibration\debug\dlt2.obj
f:\桌面文件\视频gis\cameracalibration\cameracalibration\debug\viewangledlg.obj
f:\桌面文件\视频gis\cameracalibration\cameracalibration\debug\anglecalculation.obj
f:\桌面文件\视频gis\cameracalibration\debug\cameracalibration.ilk
f:\桌面文件\视频gis\cameracalibration\debug\cameracalibration.exe
f:\桌面文件\视频gis\cameracalibration\debug\cameracalibration.pdb
f:\桌面文件\视频gis\cameracalibration\cameracalibration\debug\cameracalibration.res
f:\桌面文件\视频gis\cameracalibration\cameracalibration\debug\cameraca.b1eb4b30.tlog\cl.command.1.tlog
f:\桌面文件\视频gis\cameracalibration\cameracalibration\debug\cameraca.b1eb4b30.tlog\cl.read.1.tlog
f:\桌面文件\视频gis\cameracalibration\cameracalibration\debug\cameraca.b1eb4b30.tlog\cl.write.1.tlog
f:\桌面文件\视频gis\cameracalibration\cameracalibration\debug\cameraca.b1eb4b30.tlog\link.command.1.tlog
f:\桌面文件\视频gis\cameracalibration\cameracalibration\debug\cameraca.b1eb4b30.tlog\link.read.1.tlog
f:\桌面文件\视频gis\cameracalibration\cameracalibration\debug\cameraca.b1eb4b30.tlog\link.write.1.tlog
f:\桌面文件\视频gis\cameracalibration\cameracalibration\debug\cameraca.b1eb4b30.tlog\rc.command.1.tlog
f:\桌面文件\视频gis\cameracalibration\cameracalibration\debug\cameraca.b1eb4b30.tlog\rc.read.1.tlog
f:\桌面文件\视频gis\cameracalibration\cameracalibration\debug\cameraca.b1eb4b30.tlog\rc.write.1.tlog
