生成启动时间为 2017/9/8 16:47:59。
     1>项目“F:\桌面文件\视频gis\CameraCalibration\CameraCalibration\CameraCalibration.vcxproj”在节点 2 上(Build 个目标)。
     1>ClCompile:
         C:\Program Files (x86)\Microsoft Visual Studio 12.0\VC\bin\CL.exe /c /ZI /nologo /W3 /WX- /sdl /Od /Oy- /D WIN32 /D _WINDOWS /D _DEBUG /D _UNICODE /D UNICODE /D _AFXDLL /Gm /EHsc /RTC1 /MDd /GS /fp:precise /Zc:wchar_t /Zc:forScope /Yu"stdafx.h" /Fp"Debug\CameraCalibration.pch" /Fo"Debug\\" /Fd"Debug\vc120.pdb" /Gd /TP /analyze- /errorReport:prompt CheckerboardCalibrationDlg.cpp
         CheckerboardCalibrationDlg.cpp
     1>f:\桌面文件\视频gis\cameracalibration\cameracalibration\checkerboardcalibrationdlg.cpp(190): warning C4244: “=”: 从“int”转换到“float”，可能丢失数据
     1>f:\桌面文件\视频gis\cameracalibration\cameracalibration\checkerboardcalibrationdlg.cpp(191): warning C4244: “=”: 从“int”转换到“float”，可能丢失数据
     1>f:\桌面文件\视频gis\cameracalibration\cameracalibration\checkerboardcalibrationdlg.cpp(222): warning C4018: “<”: 有符号/无符号不匹配
       Link:
         C:\Program Files (x86)\Microsoft Visual Studio 12.0\VC\bin\link.exe /ERRORREPORT:PROMPT /OUT:"F:\桌面文件\视频gis\CameraCalibration\Debug\CameraCalibration.exe" /INCREMENTAL /NOLOGO opencv_calib3d2413d.lib opencv_contrib2413d.lib opencv_core2413d.lib opencv_features2d2413d.lib opencv_flann2413d.lib opencv_gpu2413d.lib opencv_highgui2413d.lib opencv_imgproc2413d.lib opencv_legacy2413d.lib opencv_ml2413d.lib opencv_nonfree2413d.lib opencv_objdetect2413d.lib opencv_ocl2413d.lib opencv_photo2413d.lib opencv_stitching2413d.lib opencv_superres2413d.lib opencv_ts2413d.lib opencv_video2413d.lib opencv_videostab2413d.lib opencv_calib3d2413.lib opencv_contrib2413.lib opencv_core2413.lib opencv_features2d2413.lib opencv_flann2413.lib opencv_gpu2413.lib opencv_highgui2413.lib opencv_imgproc2413.lib opencv_legacy2413.lib opencv_ml2413.lib opencv_nonfree2413.lib opencv_objdetect2413.lib opencv_ocl2413.lib opencv_photo2413.lib opencv_stitching2413.lib opencv_superres2413.lib opencv_ts2413.lib opencv_video2413.lib opencv_videostab2413.lib /MANIFEST /MANIFESTUAC:"level='asInvoker' uiAccess='false'" /manifest:embed /manifestinput:"C:\Program Files (x86)\Microsoft Visual Studio 12.0\VC\Include\Manifest\dpiaware.manifest" /DEBUG /PDB:"F:\桌面文件\视频gis\CameraCalibration\Debug\CameraCalibration.pdb" /SUBSYSTEM:WINDOWS /TLBID:1 /ENTRY:"wWinMainCRTStartup" /DYNAMICBASE /NXCOMPAT /IMPLIB:"F:\桌面文件\视频gis\CameraCalibration\Debug\CameraCalibration.lib" /MACHINE:X86 Debug\CameraCalibration.res
         Debug\AngleCalculation.obj
         Debug\CameraCalibration.obj
         Debug\CameraCalibrationDlg.obj
         Debug\CheckerboardCalibrationDlg.obj
         Debug\DLTCalibrationDlg.obj
         Debug\DLT.obj
         Debug\DLT2.obj
         Debug\DLT3.obj
         Debug\stdafx.obj
         Debug\ViewAngleDlg.obj
         CameraCalibration.vcxproj -> F:\桌面文件\视频gis\CameraCalibration\Debug\CameraCalibration.exe
     1>已完成生成项目“F:\桌面文件\视频gis\CameraCalibration\CameraCalibration\CameraCalibration.vcxproj”(Build 个目标)的操作。

生成成功。

已用时间 00:00:01.13
